Running 2.9.8 (2026-05-13 09:28:38) with PHP 8.3.31 on Linux / 6.6.114.1-microsoft-standard-WSL2
Reading ./composer.json (/var/www/html/composer.json)
Loading config file ./composer.json (/var/www/html/composer.json)
Checked CA file /etc/pki/ca-trust/extracted/pem/tls-ca-bundle.pem does not exist or it is not a file.
Checked directory /etc/pki/ca-trust/extracted/pem/tls-ca-bundle.pem does not exist or it is not a directory.
Checked CA file /etc/pki/tls/certs/ca-bundle.crt does not exist or it is not a file.
Checked directory /etc/pki/tls/certs/ca-bundle.crt does not exist or it is not a directory.
Checked CA file /etc/ssl/certs/ca-certificates.crt: valid
Executing command (CWD): 'git' '--version'
Executing command (/var/www/html): 'git' 'branch' '-a' '--no-color' '--no-abbrev' '-v'
Executing command (/var/www/html): 'git' 'describe' '--exact-match' '--tags'
Executing command (/var/www/html): 'git' 'rev-list' '--no-commit-header' '--format=%H' '-n1' 'HEAD' '--no-show-signature'
Executing command (/var/www/html): 'hg' 'branch'
Executing command (/var/www/html): 'fossil' 'branch' 'list'
Executing command (/var/www/html): 'fossil' 'tag' 'list'
Executing command (/var/www/html): 'svn' 'info' '--xml'
Failed to initialize global composer: Composer could not find the config file: /root/.composer/composer.json

Loading composer repositories with package information
Reading /root/.composer/cache/repo/https---repo.packagist.org/packages.json from cache
Downloading https://repo.packagist.org/packages.json if modified
[304] https://repo.packagist.org/packages.json
Reading /root/.composer/cache/repo/https---repo.packagist.org/provider-laravel~framework.json from cache
Downloading https://repo.packagist.org/p2/laravel/framework.json if modified
Reading /root/.composer/cache/repo/https---repo.packagist.org/provider-phpoffice~phpspreadsheet.json from cache
Downloading https://repo.packagist.org/p2/phpoffice/phpspreadsheet.json if modified
Reading /root/.composer/cache/repo/https---repo.packagist.org/provider-fakerphp~faker.json from cache
Downloading https://repo.packagist.org/p2/fakerphp/faker.json if modified
Reading /root/.composer/cache/repo/https---repo.packagist.org/provider-mockery~mockery.json from cache
Downloading https://repo.packagist.org/p2/mockery/mockery.json if modified
Reading /root/.composer/cache/repo/https---repo.packagist.org/provider-nunomaduro~collision.json from cache
Downloading https://repo.packagist.org/p2/nunomaduro/collision.json if modified
Reading /root/.composer/cache/repo/https---repo.packagist.org/provider-phpunit~phpunit.json from cache
Downloading https://repo.packagist.org/p2/phpunit/phpunit.json if modified
[304] https://repo.packagist.org/p2/fakerphp/faker.json
[304] https://repo.packagist.org/p2/nunomaduro/collision.json
[304] https://repo.packagist.org/p2/laravel/framework.json
[304] https://repo.packagist.org/p2/phpoffice/phpspreadsheet.json
[304] https://repo.packagist.org/p2/mockery/mockery.json
[304] https://repo.packagist.org/p2/phpunit/phpunit.json
Reading /root/.composer/cache/repo/https---repo.packagist.org/provider-psr~container.json from cache
Downloading https://repo.packagist.org/p2/psr/container.json if modified
Reading /root/.composer/cache/repo/https---repo.packagist.org/provider-symfony~deprecation-contracts.json from cache
Downloading https://repo.packagist.org/p2/symfony/deprecation-contracts.json if modified
Reading /root/.composer/cache/repo/https---repo.packagist.org/provider-filp~whoops.json from cache
Downloading https://repo.packagist.org/p2/filp/whoops.json if modified
Reading /root/.composer/cache/repo/https---repo.packagist.org/provider-nunomaduro~termwind.json from cache
Downloading https://repo.packagist.org/p2/nunomaduro/termwind.json if modified
Reading /root/.composer/cache/repo/https---repo.packagist.org/provider-symfony~console.json from cache
Downloading https://repo.packagist.org/p2/symfony/console.json if modified
Reading /root/.composer/cache/repo/https---repo.packagist.org/provider-sebastian~environment.json from cache
Downloading https://repo.packagist.org/p2/sebastian/environment.json if modified
Reading /root/.composer/cache/repo/https---repo.packagist.org/provider-brick~math.json from cache
Downloading https://repo.packagist.org/p2/brick/math.json if modified
Reading /root/.composer/cache/repo/https---repo.packagist.org/provider-doctrine~inflector.json from cache
Downloading https://repo.packagist.org/p2/doctrine/inflector.json if modified
Reading /root/.composer/cache/repo/https---repo.packagist.org/provider-dragonmantank~cron-expression.json from cache
Downloading https://repo.packagist.org/p2/dragonmantank/cron-expression.json if modified
Reading /root/.composer/cache/repo/https---repo.packagist.org/provider-egulias~email-validator.json from cache
Downloading https://repo.packagist.org/p2/egulias/email-validator.json if modified
Reading /root/.composer/cache/repo/https---repo.packagist.org/provider-fruitcake~php-cors.json from cache
Downloading https://repo.packagist.org/p2/fruitcake/php-cors.json if modified
Reading /root/.composer/cache/repo/https---repo.packagist.org/provider-guzzlehttp~guzzle.json from cache
Downloading https://repo.packagist.org/p2/guzzlehttp/guzzle.json if modified
Reading /root/.composer/cache/repo/https---repo.packagist.org/provider-guzzlehttp~uri-template.json from cache
Reading /root/.composer/cache/repo/https---repo.packagist.org/provider-laravel~prompts.json from cache
Reading /root/.composer/cache/repo/https---repo.packagist.org/provider-laravel~serializable-closure.json from cache
Reading /root/.composer/cache/repo/https---repo.packagist.org/provider-league~commonmark.json from cache
Reading /root/.composer/cache/repo/https---repo.packagist.org/provider-league~flysystem.json from cache
Reading /root/.composer/cache/repo/https---repo.packagist.org/provider-league~flysystem-local.json from cache
Reading /root/.composer/cache/repo/https---repo.packagist.org/provider-league~uri.json from cache
Reading /root/.composer/cache/repo/https---repo.packagist.org/provider-monolog~monolog.json from cache
Reading /root/.composer/cache/repo/https---repo.packagist.org/provider-nesbot~carbon.json from cache
Reading /root/.composer/cache/repo/https---repo.packagist.org/provider-psr~log.json from cache
Reading /root/.composer/cache/repo/https---repo.packagist.org/provider-psr~simple-cache.json from cache
Reading /root/.composer/cache/repo/https---repo.packagist.org/provider-ramsey~uuid.json from cache
Reading /root/.composer/cache/repo/https---repo.packagist.org/provider-symfony~error-handler.json from cache
Reading /root/.composer/cache/repo/https---repo.packagist.org/provider-symfony~finder.json from cache
Reading /root/.composer/cache/repo/https---repo.packagist.org/provider-symfony~http-foundation.json from cache
Reading /root/.composer/cache/repo/https---repo.packagist.org/provider-symfony~http-kernel.json from cache
Reading /root/.composer/cache/repo/https---repo.packagist.org/provider-symfony~mailer.json from cache
Reading /root/.composer/cache/repo/https---repo.packagist.org/provider-symfony~mime.json from cache
Reading /root/.composer/cache/repo/https---repo.packagist.org/provider-symfony~polyfill-php83.json from cache
Reading /root/.composer/cache/repo/https---repo.packagist.org/provider-symfony~polyfill-php84.json from cache
Reading /root/.composer/cache/repo/https---repo.packagist.org/provider-symfony~polyfill-php85.json from cache
Reading /root/.composer/cache/repo/https---repo.packagist.org/provider-symfony~process.json from cache
Reading /root/.composer/cache/repo/https---repo.packagist.org/provider-symfony~routing.json from cache
Reading /root/.composer/cache/repo/https---repo.packagist.org/provider-symfony~uid.json from cache
Reading /root/.composer/cache/repo/https---repo.packagist.org/provider-symfony~var-dumper.json from cache
Reading /root/.composer/cache/repo/https---repo.packagist.org/provider-tijsverkoyen~css-to-inline-styles.json from cache
Reading /root/.composer/cache/repo/https---repo.packagist.org/provider-vlucas~phpdotenv.json from cache
Reading /root/.composer/cache/repo/https---repo.packagist.org/provider-voku~portable-ascii.json from cache
Reading /root/.composer/cache/repo/https---repo.packagist.org/provider-phiki~phiki.json from cache
Reading /root/.composer/cache/repo/https---repo.packagist.org/provider-composer~pcre.json from cache
Reading /root/.composer/cache/repo/https---repo.packagist.org/provider-ezyang~htmlpurifier.json from cache
Reading /root/.composer/cache/repo/https---repo.packagist.org/provider-maennchen~zipstream-php.json from cache
Reading /root/.composer/cache/repo/https---repo.packagist.org/provider-markbaker~complex.json from cache
Reading /root/.composer/cache/repo/https---repo.packagist.org/provider-markbaker~matrix.json from cache
Reading /root/.composer/cache/repo/https---repo.packagist.org/provider-psr~http-client.json from cache
Reading /root/.composer/cache/repo/https---repo.packagist.org/provider-psr~http-factory.json from cache
Reading /root/.composer/cache/repo/https---repo.packagist.org/provider-hamcrest~hamcrest-php.json from cache
Reading /root/.composer/cache/repo/https---repo.packagist.org/provider-myclabs~deep-copy.json from cache
[304] https://repo.packagist.org/p2/psr/container.json
Downloading https://repo.packagist.org/p2/guzzlehttp/uri-template.json if modified
[304] https://repo.packagist.org/p2/symfony/deprecation-contracts.json
[304] https://repo.packagist.org/p2/filp/whoops.json
[304] https://repo.packagist.org/p2/nunomaduro/termwind.json
[304] https://repo.packagist.org/p2/sebastian/environment.json
Downloading https://repo.packagist.org/p2/laravel/prompts.json if modified
Downloading https://repo.packagist.org/p2/laravel/serializable-closure.json if modified
Downloading https://repo.packagist.org/p2/league/commonmark.json if modified
Downloading https://repo.packagist.org/p2/league/flysystem.json if modified
[304] https://repo.packagist.org/p2/symfony/console.json
[304] https://repo.packagist.org/p2/brick/math.json
[304] https://repo.packagist.org/p2/doctrine/inflector.json
[304] https://repo.packagist.org/p2/dragonmantank/cron-expression.json
[304] https://repo.packagist.org/p2/egulias/email-validator.json
[304] https://repo.packagist.org/p2/fruitcake/php-cors.json
[304] https://repo.packagist.org/p2/guzzlehttp/guzzle.json
Downloading https://repo.packagist.org/p2/league/flysystem-local.json if modified
Downloading https://repo.packagist.org/p2/league/uri.json if modified
Downloading https://repo.packagist.org/p2/monolog/monolog.json if modified
Downloading https://repo.packagist.org/p2/nesbot/carbon.json if modified
Downloading https://repo.packagist.org/p2/psr/log.json if modified
Downloading https://repo.packagist.org/p2/psr/simple-cache.json if modified
Downloading https://repo.packagist.org/p2/ramsey/uuid.json if modified
[304] https://repo.packagist.org/p2/guzzlehttp/uri-template.json
[304] https://repo.packagist.org/p2/league/commonmark.json
Downloading https://repo.packagist.org/p2/symfony/error-handler.json if modified
Downloading https://repo.packagist.org/p2/symfony/finder.json if modified
[304] https://repo.packagist.org/p2/laravel/prompts.json
[304] https://repo.packagist.org/p2/laravel/serializable-closure.json
[304] https://repo.packagist.org/p2/league/flysystem.json
[304] https://repo.packagist.org/p2/league/flysystem-local.json
[304] https://repo.packagist.org/p2/league/uri.json
[304] https://repo.packagist.org/p2/monolog/monolog.json
[304] https://repo.packagist.org/p2/nesbot/carbon.json
[304] https://repo.packagist.org/p2/ramsey/uuid.json
Downloading https://repo.packagist.org/p2/symfony/http-foundation.json if modified
Downloading https://repo.packagist.org/p2/symfony/http-kernel.json if modified
Downloading https://repo.packagist.org/p2/symfony/mailer.json if modified
Downloading https://repo.packagist.org/p2/symfony/mime.json if modified
Downloading https://repo.packagist.org/p2/symfony/polyfill-php83.json if modified
Downloading https://repo.packagist.org/p2/symfony/polyfill-php84.json if modified
Downloading https://repo.packagist.org/p2/symfony/polyfill-php85.json if modified
Downloading https://repo.packagist.org/p2/symfony/process.json if modified
[304] https://repo.packagist.org/p2/psr/log.json
[304] https://repo.packagist.org/p2/psr/simple-cache.json
Downloading https://repo.packagist.org/p2/symfony/routing.json if modified
Downloading https://repo.packagist.org/p2/symfony/uid.json if modified
[304] https://repo.packagist.org/p2/symfony/error-handler.json
[304] https://repo.packagist.org/p2/symfony/finder.json
[304] https://repo.packagist.org/p2/symfony/http-foundation.json
[304] https://repo.packagist.org/p2/symfony/http-kernel.json
[304] https://repo.packagist.org/p2/symfony/mailer.json
[304] https://repo.packagist.org/p2/symfony/mime.json
[304] https://repo.packagist.org/p2/symfony/polyfill-php83.json
[304] https://repo.packagist.org/p2/symfony/polyfill-php84.json
[304] https://repo.packagist.org/p2/symfony/polyfill-php85.json
[304] https://repo.packagist.org/p2/symfony/process.json
Downloading https://repo.packagist.org/p2/symfony/var-dumper.json if modified
Downloading https://repo.packagist.org/p2/tijsverkoyen/css-to-inline-styles.json if modified
Downloading https://repo.packagist.org/p2/vlucas/phpdotenv.json if modified
Downloading https://repo.packagist.org/p2/voku/portable-ascii.json if modified
Downloading https://repo.packagist.org/p2/phiki/phiki.json if modified
Downloading https://repo.packagist.org/p2/composer/pcre.json if modified
Downloading https://repo.packagist.org/p2/ezyang/htmlpurifier.json if modified
Downloading https://repo.packagist.org/p2/maennchen/zipstream-php.json if modified
Downloading https://repo.packagist.org/p2/markbaker/complex.json if modified
Downloading https://repo.packagist.org/p2/markbaker/matrix.json if modified
[304] https://repo.packagist.org/p2/symfony/routing.json
[304] https://repo.packagist.org/p2/symfony/uid.json
Downloading https://repo.packagist.org/p2/psr/http-client.json if modified
Downloading https://repo.packagist.org/p2/psr/http-factory.json if modified
[304] https://repo.packagist.org/p2/symfony/var-dumper.json
[304] https://repo.packagist.org/p2/vlucas/phpdotenv.json
[304] https://repo.packagist.org/p2/voku/portable-ascii.json
[304] https://repo.packagist.org/p2/phiki/phiki.json
[304] https://repo.packagist.org/p2/composer/pcre.json
Downloading https://repo.packagist.org/p2/hamcrest/hamcrest-php.json if modified
Downloading https://repo.packagist.org/p2/myclabs/deep-copy.json if modified
[304] https://repo.packagist.org/p2/tijsverkoyen/css-to-inline-styles.json
[304] https://repo.packagist.org/p2/markbaker/matrix.json
[304] https://repo.packagist.org/p2/ezyang/htmlpurifier.json
[304] https://repo.packagist.org/p2/maennchen/zipstream-php.json
[304] https://repo.packagist.org/p2/markbaker/complex.json
[304] https://repo.packagist.org/p2/psr/http-client.json
[304] https://repo.packagist.org/p2/psr/http-factory.json
[304] https://repo.packagist.org/p2/hamcrest/hamcrest-php.json
[304] https://repo.packagist.org/p2/myclabs/deep-copy.json
Reading /root/.composer/cache/repo/https---repo.packagist.org/provider-phar-io~manifest.json from cache
Downloading https://repo.packagist.org/p2/phar-io/manifest.json if modified
Reading /root/.composer/cache/repo/https---repo.packagist.org/provider-phar-io~version.json from cache
Downloading https://repo.packagist.org/p2/phar-io/version.json if modified
Reading /root/.composer/cache/repo/https---repo.packagist.org/provider-phpunit~php-code-coverage.json from cache
Downloading https://repo.packagist.org/p2/phpunit/php-code-coverage.json if modified
Reading /root/.composer/cache/repo/https---repo.packagist.org/provider-phpunit~php-file-iterator.json from cache
Downloading https://repo.packagist.org/p2/phpunit/php-file-iterator.json if modified
Reading /root/.composer/cache/repo/https---repo.packagist.org/provider-phpunit~php-invoker.json from cache
Downloading https://repo.packagist.org/p2/phpunit/php-invoker.json if modified
Reading /root/.composer/cache/repo/https---repo.packagist.org/provider-phpunit~php-text-template.json from cache
Downloading https://repo.packagist.org/p2/phpunit/php-text-template.json if modified
Reading /root/.composer/cache/repo/https---repo.packagist.org/provider-phpunit~php-timer.json from cache
Downloading https://repo.packagist.org/p2/phpunit/php-timer.json if modified
Reading /root/.composer/cache/repo/https---repo.packagist.org/provider-sebastian~cli-parser.json from cache
Downloading https://repo.packagist.org/p2/sebastian/cli-parser.json if modified
Reading /root/.composer/cache/repo/https---repo.packagist.org/provider-sebastian~code-unit.json from cache
Downloading https://repo.packagist.org/p2/sebastian/code-unit.json if modified
Reading /root/.composer/cache/repo/https---repo.packagist.org/provider-sebastian~comparator.json from cache
Downloading https://repo.packagist.org/p2/sebastian/comparator.json if modified
Reading /root/.composer/cache/repo/https---repo.packagist.org/provider-sebastian~diff.json from cache
Downloading https://repo.packagist.org/p2/sebastian/diff.json if modified
Reading /root/.composer/cache/repo/https---repo.packagist.org/provider-sebastian~exporter.json from cache
Downloading https://repo.packagist.org/p2/sebastian/exporter.json if modified
Reading /root/.composer/cache/repo/https---repo.packagist.org/provider-sebastian~global-state.json from cache
Reading /root/.composer/cache/repo/https---repo.packagist.org/provider-sebastian~object-enumerator.json from cache
Reading /root/.composer/cache/repo/https---repo.packagist.org/provider-sebastian~recursion-context.json from cache
Reading /root/.composer/cache/repo/https---repo.packagist.org/provider-sebastian~type.json from cache
Reading /root/.composer/cache/repo/https---repo.packagist.org/provider-sebastian~version.json from cache
[304] https://repo.packagist.org/p2/phar-io/manifest.json
Downloading https://repo.packagist.org/p2/sebastian/global-state.json if modified
[304] https://repo.packagist.org/p2/phar-io/version.json
[304] https://repo.packagist.org/p2/phpunit/php-code-coverage.json
Downloading https://repo.packagist.org/p2/sebastian/object-enumerator.json if modified
Downloading https://repo.packagist.org/p2/sebastian/recursion-context.json if modified
[304] https://repo.packagist.org/p2/phpunit/php-file-iterator.json
[304] https://repo.packagist.org/p2/phpunit/php-invoker.json
[304] https://repo.packagist.org/p2/phpunit/php-text-template.json
[304] https://repo.packagist.org/p2/phpunit/php-timer.json
[304] https://repo.packagist.org/p2/sebastian/cli-parser.json
[304] https://repo.packagist.org/p2/sebastian/code-unit.json
[304] https://repo.packagist.org/p2/sebastian/comparator.json
[304] https://repo.packagist.org/p2/sebastian/diff.json
[304] https://repo.packagist.org/p2/sebastian/exporter.json
[304] https://repo.packagist.org/p2/sebastian/global-state.json
Downloading https://repo.packagist.org/p2/sebastian/type.json if modified
Downloading https://repo.packagist.org/p2/sebastian/version.json if modified
[304] https://repo.packagist.org/p2/sebastian/object-enumerator.json
[304] https://repo.packagist.org/p2/sebastian/recursion-context.json
[304] https://repo.packagist.org/p2/sebastian/type.json
[304] https://repo.packagist.org/p2/sebastian/version.json
Reading /root/.composer/cache/repo/https---repo.packagist.org/provider-symfony~console.json from cache
Reading /root/.composer/cache/repo/https---repo.packagist.org/provider-symfony~polyfill-mbstring.json from cache
Downloading https://repo.packagist.org/p2/symfony/polyfill-mbstring.json if modified
Reading /root/.composer/cache/repo/https---repo.packagist.org/provider-symfony~service-contracts.json from cache
Downloading https://repo.packagist.org/p2/symfony/service-contracts.json if modified
Reading /root/.composer/cache/repo/https---repo.packagist.org/provider-symfony~string.json from cache
Downloading https://repo.packagist.org/p2/symfony/string.json if modified
Reading /root/.composer/cache/repo/https---repo.packagist.org/provider-symfony~deprecation-contracts.json from cache
Reading /root/.composer/cache/repo/https---repo.packagist.org/provider-webmozart~assert.json from cache
Downloading https://repo.packagist.org/p2/webmozart/assert.json if modified
Reading /root/.composer/cache/repo/https---repo.packagist.org/provider-doctrine~lexer.json from cache
Downloading https://repo.packagist.org/p2/doctrine/lexer.json if modified
Reading /root/.composer/cache/repo/https---repo.packagist.org/provider-symfony~polyfill-intl-idn.json from cache
Downloading https://repo.packagist.org/p2/symfony/polyfill-intl-idn.json if modified
Reading /root/.composer/cache/repo/https---repo.packagist.org/provider-symfony~http-foundation.json from cache
Reading /root/.composer/cache/repo/https---repo.packagist.org/provider-guzzlehttp~promises.json from cache
Downloading https://repo.packagist.org/p2/guzzlehttp/promises.json if modified
Reading /root/.composer/cache/repo/https---repo.packagist.org/provider-guzzlehttp~psr7.json from cache
Downloading https://repo.packagist.org/p2/guzzlehttp/psr7.json if modified
Reading /root/.composer/cache/repo/https---repo.packagist.org/provider-symfony~polyfill-php80.json from cache
Downloading https://repo.packagist.org/p2/symfony/polyfill-php80.json if modified
Reading /root/.composer/cache/repo/https---repo.packagist.org/provider-league~config.json from cache
Downloading https://repo.packagist.org/p2/league/config.json if modified
Reading /root/.composer/cache/repo/https---repo.packagist.org/provider-psr~event-dispatcher.json from cache
Downloading https://repo.packagist.org/p2/psr/event-dispatcher.json if modified
Reading /root/.composer/cache/repo/https---repo.packagist.org/provider-league~flysystem-local.json from cache
Reading /root/.composer/cache/repo/https---repo.packagist.org/provider-league~mime-type-detection.json from cache
Downloading https://repo.packagist.org/p2/league/mime-type-detection.json if modified
Reading /root/.composer/cache/repo/https---repo.packagist.org/provider-league~flysystem.json from cache
Reading /root/.composer/cache/repo/https---repo.packagist.org/provider-league~uri-interfaces.json from cache
Reading /root/.composer/cache/repo/https---repo.packagist.org/provider-carbonphp~carbon-doctrine-types.json from cache
Reading /root/.composer/cache/repo/https---repo.packagist.org/provider-psr~clock.json from cache
Reading /root/.composer/cache/repo/https---repo.packagist.org/provider-symfony~clock.json from cache
Reading /root/.composer/cache/repo/https---repo.packagist.org/provider-symfony~translation.json from cache
Reading /root/.composer/cache/repo/https---repo.packagist.org/provider-brick~math.json from cache
Reading /root/.composer/cache/repo/https---repo.packagist.org/provider-ramsey~collection.json from cache
Reading /root/.composer/cache/repo/https---repo.packagist.org/provider-symfony~var-dumper.json from cache
Reading /root/.composer/cache/repo/https---repo.packagist.org/provider-symfony~polyfill-php83.json from cache
Reading /root/.composer/cache/repo/https---repo.packagist.org/provider-symfony~error-handler.json from cache
Reading /root/.composer/cache/repo/https---repo.packagist.org/provider-symfony~event-dispatcher.json from cache
Reading /root/.composer/cache/repo/https---repo.packagist.org/provider-symfony~polyfill-ctype.json from cache
Reading /root/.composer/cache/repo/https---repo.packagist.org/provider-egulias~email-validator.json from cache
Reading /root/.composer/cache/repo/https---repo.packagist.org/provider-symfony~mime.json from cache
Reading /root/.composer/cache/repo/https---repo.packagist.org/provider-symfony~polyfill-uuid.json from cache
Reading /root/.composer/cache/repo/https---repo.packagist.org/provider-graham-campbell~result-type.json from cache
Reading /root/.composer/cache/repo/https---repo.packagist.org/provider-phpoption~phpoption.json from cache
Reading /root/.composer/cache/repo/https---repo.packagist.org/provider-league~commonmark.json from cache
Reading /root/.composer/cache/repo/https---repo.packagist.org/provider-symfony~css-selector.json from cache
Reading /root/.composer/cache/repo/https---repo.packagist.org/provider-psr~http-message.json from cache
Reading /root/.composer/cache/repo/https---repo.packagist.org/provider-myclabs~php-enum.json from cache
Reading /root/.composer/cache/repo/https---repo.packagist.org/provider-phar-io~version.json from cache
Reading /root/.composer/cache/repo/https---repo.packagist.org/provider-nikic~php-parser.json from cache
Reading /root/.composer/cache/repo/https---repo.packagist.org/provider-sebastian~code-unit-reverse-lookup.json from cache
Reading /root/.composer/cache/repo/https---repo.packagist.org/provider-sebastian~complexity.json from cache
Reading /root/.composer/cache/repo/https---repo.packagist.org/provider-sebastian~lines-of-code.json from cache
Reading /root/.composer/cache/repo/https---repo.packagist.org/provider-theseer~tokenizer.json from cache
Reading /root/.composer/cache/repo/https---repo.packagist.org/provider-sebastian~object-reflector.json from cache
[304] https://repo.packagist.org/p2/symfony/polyfill-mbstring.json
[304] https://repo.packagist.org/p2/symfony/service-contracts.json
Downloading https://repo.packagist.org/p2/league/uri-interfaces.json if modified
Downloading https://repo.packagist.org/p2/carbonphp/carbon-doctrine-types.json if modified
[304] https://repo.packagist.org/p2/symfony/string.json
Downloading https://repo.packagist.org/p2/psr/clock.json if modified
[304] https://repo.packagist.org/p2/webmozart/assert.json
[304] https://repo.packagist.org/p2/doctrine/lexer.json
[304] https://repo.packagist.org/p2/symfony/polyfill-intl-idn.json
[304] https://repo.packagist.org/p2/guzzlehttp/promises.json
[304] https://repo.packagist.org/p2/guzzlehttp/psr7.json
[304] https://repo.packagist.org/p2/symfony/polyfill-php80.json
[304] https://repo.packagist.org/p2/league/config.json
[304] https://repo.packagist.org/p2/league/mime-type-detection.json
Downloading https://repo.packagist.org/p2/symfony/clock.json if modified
Downloading https://repo.packagist.org/p2/symfony/translation.json if modified
Downloading https://repo.packagist.org/p2/ramsey/collection.json if modified
Downloading https://repo.packagist.org/p2/symfony/event-dispatcher.json if modified
Downloading https://repo.packagist.org/p2/symfony/polyfill-ctype.json if modified
Downloading https://repo.packagist.org/p2/symfony/polyfill-uuid.json if modified
Downloading https://repo.packagist.org/p2/graham-campbell/result-type.json if modified
Downloading https://repo.packagist.org/p2/phpoption/phpoption.json if modified
[304] https://repo.packagist.org/p2/psr/event-dispatcher.json
Downloading https://repo.packagist.org/p2/symfony/css-selector.json if modified
[304] https://repo.packagist.org/p2/league/uri-interfaces.json
[304] https://repo.packagist.org/p2/carbonphp/carbon-doctrine-types.json
Downloading https://repo.packagist.org/p2/psr/http-message.json if modified
Downloading https://repo.packagist.org/p2/myclabs/php-enum.json if modified
[304] https://repo.packagist.org/p2/psr/clock.json
[304] https://repo.packagist.org/p2/symfony/clock.json
[304] https://repo.packagist.org/p2/symfony/translation.json
[304] https://repo.packagist.org/p2/ramsey/collection.json
[304] https://repo.packagist.org/p2/symfony/event-dispatcher.json
[304] https://repo.packagist.org/p2/symfony/polyfill-ctype.json
[304] https://repo.packagist.org/p2/symfony/polyfill-uuid.json
[304] https://repo.packagist.org/p2/phpoption/phpoption.json
Downloading https://repo.packagist.org/p2/nikic/php-parser.json if modified
Downloading https://repo.packagist.org/p2/sebastian/code-unit-reverse-lookup.json if modified
Downloading https://repo.packagist.org/p2/sebastian/complexity.json if modified
Downloading https://repo.packagist.org/p2/sebastian/lines-of-code.json if modified
Downloading https://repo.packagist.org/p2/theseer/tokenizer.json if modified
Downloading https://repo.packagist.org/p2/sebastian/object-reflector.json if modified
[304] https://repo.packagist.org/p2/graham-campbell/result-type.json
[304] https://repo.packagist.org/p2/symfony/css-selector.json
[304] https://repo.packagist.org/p2/psr/http-message.json
[304] https://repo.packagist.org/p2/myclabs/php-enum.json
[304] https://repo.packagist.org/p2/sebastian/complexity.json
[304] https://repo.packagist.org/p2/nikic/php-parser.json
[304] https://repo.packagist.org/p2/sebastian/code-unit-reverse-lookup.json
[304] https://repo.packagist.org/p2/sebastian/object-reflector.json
[304] https://repo.packagist.org/p2/sebastian/lines-of-code.json
[304] https://repo.packagist.org/p2/theseer/tokenizer.json
Reading /root/.composer/cache/repo/https---repo.packagist.org/provider-symfony~polyfill-php73.json from cache
Downloading https://repo.packagist.org/p2/symfony/polyfill-php73.json if modified
Reading /root/.composer/cache/repo/https---repo.packagist.org/provider-symfony~string.json from cache
Reading /root/.composer/cache/repo/https---repo.packagist.org/provider-symfony~polyfill-php80.json from cache
Reading /root/.composer/cache/repo/https---repo.packagist.org/provider-symfony~mime.json from cache
Reading /root/.composer/cache/repo/https---repo.packagist.org/provider-symfony~var-dumper.json from cache
Reading /root/.composer/cache/repo/https---repo.packagist.org/provider-doctrine~lexer.json from cache
Reading /root/.composer/cache/repo/https---repo.packagist.org/provider-symfony~polyfill-intl-grapheme.json from cache
Downloading https://repo.packagist.org/p2/symfony/polyfill-intl-grapheme.json if modified
Reading /root/.composer/cache/repo/https---repo.packagist.org/provider-symfony~polyfill-intl-normalizer.json from cache
Downloading https://repo.packagist.org/p2/symfony/polyfill-intl-normalizer.json if modified
Reading /root/.composer/cache/repo/https---repo.packagist.org/provider-doctrine~deprecations.json from cache
Downloading https://repo.packagist.org/p2/doctrine/deprecations.json if modified
Reading /root/.composer/cache/repo/https---repo.packagist.org/provider-symfony~polyfill-php72.json from cache
Downloading https://repo.packagist.org/p2/symfony/polyfill-php72.json if modified
Reading /root/.composer/cache/repo/https---repo.packagist.org/provider-symfony~polyfill-php70.json from cache
Downloading https://repo.packagist.org/p2/symfony/polyfill-php70.json if modified
Reading /root/.composer/cache/repo/https---repo.packagist.org/provider-ralouphie~getallheaders.json from cache
Downloading https://repo.packagist.org/p2/ralouphie/getallheaders.json if modified
Reading /root/.composer/cache/repo/https---repo.packagist.org/provider-dflydev~dot-access-data.json from cache
Downloading https://repo.packagist.org/p2/dflydev/dot-access-data.json if modified
Reading /root/.composer/cache/repo/https---repo.packagist.org/provider-nette~schema.json from cache
Downloading https://repo.packagist.org/p2/nette/schema.json if modified
Reading /root/.composer/cache/repo/https---repo.packagist.org/provider-symfony~translation-contracts.json from cache
Downloading https://repo.packagist.org/p2/symfony/translation-contracts.json if modified
Reading /root/.composer/cache/repo/https---repo.packagist.org/provider-symfony~polyfill-php81.json from cache
Downloading https://repo.packagist.org/p2/symfony/polyfill-php81.json if modified
Reading /root/.composer/cache/repo/https---repo.packagist.org/provider-symfony~event-dispatcher-contracts.json from cache
Downloading https://repo.packagist.org/p2/symfony/event-dispatcher-contracts.json if modified
Reading /root/.composer/cache/repo/https---repo.packagist.org/provider-paragonie~random_compat.json from cache
Reading /root/.composer/cache/repo/https---repo.packagist.org/provider-vimeo~psalm.json from cache
Reading /root/.composer/cache/repo/https---repo.packagist.org/provider-nikic~php-parser.json from cache
[304] https://repo.packagist.org/p2/symfony/polyfill-intl-grapheme.json
Downloading https://repo.packagist.org/p2/paragonie/random_compat.json if modified
[304] https://repo.packagist.org/p2/symfony/polyfill-php73.json
[304] https://repo.packagist.org/p2/symfony/polyfill-intl-normalizer.json
[304] https://repo.packagist.org/p2/doctrine/deprecations.json
[304] https://repo.packagist.org/p2/symfony/polyfill-php70.json
[304] https://repo.packagist.org/p2/ralouphie/getallheaders.json
[304] https://repo.packagist.org/p2/dflydev/dot-access-data.json
[304] https://repo.packagist.org/p2/nette/schema.json
Downloading https://repo.packagist.org/p2/vimeo/psalm.json if modified
[304] https://repo.packagist.org/p2/symfony/polyfill-php72.json
[304] https://repo.packagist.org/p2/symfony/translation-contracts.json
[304] https://repo.packagist.org/p2/symfony/polyfill-php81.json
[304] https://repo.packagist.org/p2/symfony/event-dispatcher-contracts.json
[304] https://repo.packagist.org/p2/paragonie/random_compat.json
[304] https://repo.packagist.org/p2/vimeo/psalm.json
Reading /root/.composer/cache/repo/https---repo.packagist.org/provider-nette~utils.json from cache
Downloading https://repo.packagist.org/p2/nette/utils.json if modified
Reading /root/.composer/cache/repo/https---repo.packagist.org/provider-amphp~amp.json from cache
Downloading https://repo.packagist.org/p2/amphp/amp.json if modified
Reading /root/.composer/cache/repo/https---repo.packagist.org/provider-amphp~byte-stream.json from cache
Downloading https://repo.packagist.org/p2/amphp/byte-stream.json if modified
Reading /root/.composer/cache/repo/https---repo.packagist.org/provider-composer~package-versions-deprecated.json from cache
Downloading https://repo.packagist.org/p2/composer/package-versions-deprecated.json if modified
Reading /root/.composer/cache/repo/https---repo.packagist.org/provider-composer~semver.json from cache
Downloading https://repo.packagist.org/p2/composer/semver.json if modified
Reading /root/.composer/cache/repo/https---repo.packagist.org/provider-composer~xdebug-handler.json from cache
Downloading https://repo.packagist.org/p2/composer/xdebug-handler.json if modified
Reading /root/.composer/cache/repo/https---repo.packagist.org/provider-dnoegel~php-xdg-base-dir.json from cache
Downloading https://repo.packagist.org/p2/dnoegel/php-xdg-base-dir.json if modified
Reading /root/.composer/cache/repo/https---repo.packagist.org/provider-felixfbecker~advanced-json-rpc.json from cache
Downloading https://repo.packagist.org/p2/felixfbecker/advanced-json-rpc.json if modified
Reading /root/.composer/cache/repo/https---repo.packagist.org/provider-felixfbecker~language-server-protocol.json from cache
Downloading https://repo.packagist.org/p2/felixfbecker/language-server-protocol.json if modified
Reading /root/.composer/cache/repo/https---repo.packagist.org/provider-netresearch~jsonmapper.json from cache
Downloading https://repo.packagist.org/p2/netresearch/jsonmapper.json if modified
Reading /root/.composer/cache/repo/https---repo.packagist.org/provider-nikic~php-parser.json from cache
Reading /root/.composer/cache/repo/https---repo.packagist.org/provider-openlss~lib-array2xml.json from cache
Downloading https://repo.packagist.org/p2/openlss/lib-array2xml.json if modified
Reading /root/.composer/cache/repo/https---repo.packagist.org/provider-sebastian~diff.json from cache
Reading /root/.composer/cache/repo/https---repo.packagist.org/provider-symfony~console.json from cache
Reading /root/.composer/cache/repo/https---repo.packagist.org/provider-webmozart~glob.json from cache
Downloading https://repo.packagist.org/p2/webmozart/glob.json if modified
Reading /root/.composer/cache/repo/https---repo.packagist.org/provider-webmozart~path-util.json from cache
Reading /root/.composer/cache/repo/https---repo.packagist.org/provider-ocramius~package-versions.json from cache
[304] https://repo.packagist.org/p2/amphp/amp.json
[304] https://repo.packagist.org/p2/amphp/byte-stream.json
Downloading https://repo.packagist.org/p2/webmozart/path-util.json if modified
Downloading https://repo.packagist.org/p2/ocramius/package-versions.json if modified
[304] https://repo.packagist.org/p2/nette/utils.json
[304] https://repo.packagist.org/p2/composer/package-versions-deprecated.json
[304] https://repo.packagist.org/p2/composer/semver.json
[304] https://repo.packagist.org/p2/composer/xdebug-handler.json
[304] https://repo.packagist.org/p2/dnoegel/php-xdg-base-dir.json
[304] https://repo.packagist.org/p2/felixfbecker/advanced-json-rpc.json
[304] https://repo.packagist.org/p2/felixfbecker/language-server-protocol.json
[304] https://repo.packagist.org/p2/netresearch/jsonmapper.json
[304] https://repo.packagist.org/p2/openlss/lib-array2xml.json
[304] https://repo.packagist.org/p2/webmozart/glob.json
[304] https://repo.packagist.org/p2/webmozart/path-util.json
[304] https://repo.packagist.org/p2/ocramius/package-versions.json
Reading /root/.composer/cache/repo/https---repo.packagist.org/provider-symfony~contracts.json from cache
Downloading https://repo.packagist.org/p2/symfony/contracts.json if modified
Reading /root/.composer/cache/repo/https---repo.packagist.org/provider-symfony~debug.json from cache
Downloading https://repo.packagist.org/p2/symfony/debug.json if modified
Reading /root/.composer/cache/repo/https---repo.packagist.org/provider-amphp~amp.json from cache
Reading /root/.composer/cache/repo/https---repo.packagist.org/provider-netresearch~jsonmapper.json from cache
Reading /root/.composer/cache/repo/https---repo.packagist.org/provider-phpdocumentor~reflection-docblock.json from cache
Downloading https://repo.packagist.org/p2/phpdocumentor/reflection-docblock.json if modified
Reading /root/.composer/cache/repo/https---repo.packagist.org/provider-webmozart~path-util.json from cache
[304] https://repo.packagist.org/p2/symfony/contracts.json
[304] https://repo.packagist.org/p2/symfony/debug.json
[304] https://repo.packagist.org/p2/phpdocumentor/reflection-docblock.json
Reading /root/.composer/cache/repo/https---repo.packagist.org/provider-psr~cache.json from cache
Downloading https://repo.packagist.org/p2/psr/cache.json if modified
Reading /root/.composer/cache/repo/https---repo.packagist.org/provider-phpdocumentor~type-resolver.json from cache
Downloading https://repo.packagist.org/p2/phpdocumentor/type-resolver.json if modified
Reading /root/.composer/cache/repo/https---repo.packagist.org/provider-webmozart~assert.json from cache
Reading /root/.composer/cache/repo/https---repo.packagist.org/provider-phpdocumentor~reflection-common.json from cache
Downloading https://repo.packagist.org/p2/phpdocumentor/reflection-common.json if modified
Reading /root/.composer/cache/repo/https---repo.packagist.org/provider-phpstan~phpdoc-parser.json from cache
Downloading https://repo.packagist.org/p2/phpstan/phpdoc-parser.json if modified
[304] https://repo.packagist.org/p2/psr/cache.json
[304] https://repo.packagist.org/p2/phpdocumentor/type-resolver.json
[304] https://repo.packagist.org/p2/phpdocumentor/reflection-common.json
[304] https://repo.packagist.org/p2/phpstan/phpdoc-parser.json
Built pool.
Running security advisory pool filter.
Reading /root/.composer/cache/repo/https---repo.packagist.org/provider-fakerphp~faker.json from cache
Reading /root/.composer/cache/repo/https---repo.packagist.org/provider-nunomaduro~collision.json from cache
Reading /root/.composer/cache/repo/https---repo.packagist.org/provider-laravel~framework.json from cache
Reading /root/.composer/cache/repo/https---repo.packagist.org/provider-phpoffice~phpspreadsheet.json from cache
Reading /root/.composer/cache/repo/https---repo.packagist.org/provider-mockery~mockery.json from cache
Reading /root/.composer/cache/repo/https---repo.packagist.org/provider-phpunit~phpunit.json from cache
Reading /root/.composer/cache/repo/https---repo.packagist.org/provider-psr~container.json from cache
Reading /root/.composer/cache/repo/https---repo.packagist.org/provider-symfony~deprecation-contracts.json from cache
Reading /root/.composer/cache/repo/https---repo.packagist.org/provider-filp~whoops.json from cache
Reading /root/.composer/cache/repo/https---repo.packagist.org/provider-nunomaduro~termwind.json from cache
Reading /root/.composer/cache/repo/https---repo.packagist.org/provider-sebastian~environment.json from cache
Reading /root/.composer/cache/repo/https---repo.packagist.org/provider-symfony~console.json from cache
Reading /root/.composer/cache/repo/https---repo.packagist.org/provider-brick~math.json from cache
Reading /root/.composer/cache/repo/https---repo.packagist.org/provider-doctrine~inflector.json from cache
Reading /root/.composer/cache/repo/https---repo.packagist.org/provider-dragonmantank~cron-expression.json from cache
Reading /root/.composer/cache/repo/https---repo.packagist.org/provider-egulias~email-validator.json from cache
Reading /root/.composer/cache/repo/https---repo.packagist.org/provider-fruitcake~php-cors.json from cache
Reading /root/.composer/cache/repo/https---repo.packagist.org/provider-guzzlehttp~guzzle.json from cache
Reading /root/.composer/cache/repo/https---repo.packagist.org/provider-guzzlehttp~uri-template.json from cache
Reading /root/.composer/cache/repo/https---repo.packagist.org/provider-league~commonmark.json from cache
Reading /root/.composer/cache/repo/https---repo.packagist.org/provider-laravel~prompts.json from cache
Reading /root/.composer/cache/repo/https---repo.packagist.org/provider-laravel~serializable-closure.json from cache
Reading /root/.composer/cache/repo/https---repo.packagist.org/provider-league~flysystem.json from cache
Reading /root/.composer/cache/repo/https---repo.packagist.org/provider-league~flysystem-local.json from cache
Reading /root/.composer/cache/repo/https---repo.packagist.org/provider-league~uri.json from cache
Reading /root/.composer/cache/repo/https---repo.packagist.org/provider-monolog~monolog.json from cache
Reading /root/.composer/cache/repo/https---repo.packagist.org/provider-nesbot~carbon.json from cache
Reading /root/.composer/cache/repo/https---repo.packagist.org/provider-ramsey~uuid.json from cache
Reading /root/.composer/cache/repo/https---repo.packagist.org/provider-psr~log.json from cache
Reading /root/.composer/cache/repo/https---repo.packagist.org/provider-psr~simple-cache.json from cache
Reading /root/.composer/cache/repo/https---repo.packagist.org/provider-symfony~error-handler.json from cache
Reading /root/.composer/cache/repo/https---repo.packagist.org/provider-symfony~finder.json from cache
Reading /root/.composer/cache/repo/https---repo.packagist.org/provider-symfony~http-foundation.json from cache
Reading /root/.composer/cache/repo/https---repo.packagist.org/provider-symfony~http-kernel.json from cache
Reading /root/.composer/cache/repo/https---repo.packagist.org/provider-symfony~mailer.json from cache
Reading /root/.composer/cache/repo/https---repo.packagist.org/provider-symfony~mime.json from cache
Reading /root/.composer/cache/repo/https---repo.packagist.org/provider-symfony~polyfill-php83.json from cache
Reading /root/.composer/cache/repo/https---repo.packagist.org/provider-symfony~polyfill-php84.json from cache
Reading /root/.composer/cache/repo/https---repo.packagist.org/provider-symfony~polyfill-php85.json from cache
Reading /root/.composer/cache/repo/https---repo.packagist.org/provider-symfony~process.json from cache
Reading /root/.composer/cache/repo/https---repo.packagist.org/provider-symfony~routing.json from cache
Reading /root/.composer/cache/repo/https---repo.packagist.org/provider-symfony~uid.json from cache
Reading /root/.composer/cache/repo/https---repo.packagist.org/provider-symfony~var-dumper.json from cache
Reading /root/.composer/cache/repo/https---repo.packagist.org/provider-vlucas~phpdotenv.json from cache
Reading /root/.composer/cache/repo/https---repo.packagist.org/provider-voku~portable-ascii.json from cache
Reading /root/.composer/cache/repo/https---repo.packagist.org/provider-phiki~phiki.json from cache
Reading /root/.composer/cache/repo/https---repo.packagist.org/provider-composer~pcre.json from cache
Reading /root/.composer/cache/repo/https---repo.packagist.org/provider-tijsverkoyen~css-to-inline-styles.json from cache
Reading /root/.composer/cache/repo/https---repo.packagist.org/provider-markbaker~matrix.json from cache
Reading /root/.composer/cache/repo/https---repo.packagist.org/provider-ezyang~htmlpurifier.json from cache
Reading /root/.composer/cache/repo/https---repo.packagist.org/provider-maennchen~zipstream-php.json from cache
Reading /root/.composer/cache/repo/https---repo.packagist.org/provider-markbaker~complex.json from cache
Reading /root/.composer/cache/repo/https---repo.packagist.org/provider-psr~http-client.json from cache
Reading /root/.composer/cache/repo/https---repo.packagist.org/provider-psr~http-factory.json from cache
Reading /root/.composer/cache/repo/https---repo.packagist.org/provider-hamcrest~hamcrest-php.json from cache
Reading /root/.composer/cache/repo/https---repo.packagist.org/provider-myclabs~deep-copy.json from cache
Reading /root/.composer/cache/repo/https---repo.packagist.org/provider-phar-io~manifest.json from cache
Reading /root/.composer/cache/repo/https---repo.packagist.org/provider-phar-io~version.json from cache
Reading /root/.composer/cache/repo/https---repo.packagist.org/provider-phpunit~php-code-coverage.json from cache
Reading /root/.composer/cache/repo/https---repo.packagist.org/provider-phpunit~php-file-iterator.json from cache
Reading /root/.composer/cache/repo/https---repo.packagist.org/provider-phpunit~php-invoker.json from cache
Reading /root/.composer/cache/repo/https---repo.packagist.org/provider-phpunit~php-text-template.json from cache
Reading /root/.composer/cache/repo/https---repo.packagist.org/provider-phpunit~php-timer.json from cache
Reading /root/.composer/cache/repo/https---repo.packagist.org/provider-sebastian~cli-parser.json from cache
Reading /root/.composer/cache/repo/https---repo.packagist.org/provider-sebastian~code-unit.json from cache
Reading /root/.composer/cache/repo/https---repo.packagist.org/provider-sebastian~comparator.json from cache
Reading /root/.composer/cache/repo/https---repo.packagist.org/provider-sebastian~diff.json from cache
Reading /root/.composer/cache/repo/https---repo.packagist.org/provider-sebastian~exporter.json from cache
Reading /root/.composer/cache/repo/https---repo.packagist.org/provider-sebastian~global-state.json from cache
Reading /root/.composer/cache/repo/https---repo.packagist.org/provider-sebastian~object-enumerator.json from cache
Reading /root/.composer/cache/repo/https---repo.packagist.org/provider-sebastian~recursion-context.json from cache
Reading /root/.composer/cache/repo/https---repo.packagist.org/provider-sebastian~type.json from cache
Reading /root/.composer/cache/repo/https---repo.packagist.org/provider-sebastian~version.json from cache
Reading /root/.composer/cache/repo/https---repo.packagist.org/provider-symfony~polyfill-mbstring.json from cache
Reading /root/.composer/cache/repo/https---repo.packagist.org/provider-symfony~service-contracts.json from cache
Reading /root/.composer/cache/repo/https---repo.packagist.org/provider-symfony~string.json from cache
Reading /root/.composer/cache/repo/https---repo.packagist.org/provider-webmozart~assert.json from cache
Reading /root/.composer/cache/repo/https---repo.packagist.org/provider-doctrine~lexer.json from cache
Reading /root/.composer/cache/repo/https---repo.packagist.org/provider-symfony~polyfill-intl-idn.json from cache
Reading /root/.composer/cache/repo/https---repo.packagist.org/provider-guzzlehttp~promises.json from cache
Reading /root/.composer/cache/repo/https---repo.packagist.org/provider-guzzlehttp~psr7.json from cache
Reading /root/.composer/cache/repo/https---repo.packagist.org/provider-symfony~polyfill-php80.json from cache
Reading /root/.composer/cache/repo/https---repo.packagist.org/provider-league~config.json from cache
Reading /root/.composer/cache/repo/https---repo.packagist.org/provider-league~mime-type-detection.json from cache
Reading /root/.composer/cache/repo/https---repo.packagist.org/provider-psr~event-dispatcher.json from cache
Reading /root/.composer/cache/repo/https---repo.packagist.org/provider-league~uri-interfaces.json from cache
Reading /root/.composer/cache/repo/https---repo.packagist.org/provider-carbonphp~carbon-doctrine-types.json from cache
Reading /root/.composer/cache/repo/https---repo.packagist.org/provider-psr~clock.json from cache
Reading /root/.composer/cache/repo/https---repo.packagist.org/provider-symfony~clock.json from cache
Reading /root/.composer/cache/repo/https---repo.packagist.org/provider-symfony~translation.json from cache
Reading /root/.composer/cache/repo/https---repo.packagist.org/provider-ramsey~collection.json from cache
Reading /root/.composer/cache/repo/https---repo.packagist.org/provider-symfony~event-dispatcher.json from cache
Reading /root/.composer/cache/repo/https---repo.packagist.org/provider-symfony~polyfill-ctype.json from cache
Reading /root/.composer/cache/repo/https---repo.packagist.org/provider-symfony~polyfill-uuid.json from cache
Reading /root/.composer/cache/repo/https---repo.packagist.org/provider-phpoption~phpoption.json from cache
Reading /root/.composer/cache/repo/https---repo.packagist.org/provider-graham-campbell~result-type.json from cache
Reading /root/.composer/cache/repo/https---repo.packagist.org/provider-symfony~css-selector.json from cache
Reading /root/.composer/cache/repo/https---repo.packagist.org/provider-psr~http-message.json from cache
Reading /root/.composer/cache/repo/https---repo.packagist.org/provider-myclabs~php-enum.json from cache
Reading /root/.composer/cache/repo/https---repo.packagist.org/provider-sebastian~complexity.json from cache
Reading /root/.composer/cache/repo/https---repo.packagist.org/provider-nikic~php-parser.json from cache
Reading /root/.composer/cache/repo/https---repo.packagist.org/provider-sebastian~code-unit-reverse-lookup.json from cache
Reading /root/.composer/cache/repo/https---repo.packagist.org/provider-sebastian~object-reflector.json from cache
Reading /root/.composer/cache/repo/https---repo.packagist.org/provider-sebastian~lines-of-code.json from cache
Reading /root/.composer/cache/repo/https---repo.packagist.org/provider-theseer~tokenizer.json from cache
Reading /root/.composer/cache/repo/https---repo.packagist.org/provider-symfony~polyfill-intl-grapheme.json from cache
Reading /root/.composer/cache/repo/https---repo.packagist.org/provider-symfony~polyfill-php73.json from cache
Reading /root/.composer/cache/repo/https---repo.packagist.org/provider-symfony~polyfill-intl-normalizer.json from cache
Reading /root/.composer/cache/repo/https---repo.packagist.org/provider-doctrine~deprecations.json from cache
Reading /root/.composer/cache/repo/https---repo.packagist.org/provider-symfony~polyfill-php70.json from cache
Reading /root/.composer/cache/repo/https---repo.packagist.org/provider-ralouphie~getallheaders.json from cache
Reading /root/.composer/cache/repo/https---repo.packagist.org/provider-dflydev~dot-access-data.json from cache
Reading /root/.composer/cache/repo/https---repo.packagist.org/provider-nette~schema.json from cache
Reading /root/.composer/cache/repo/https---repo.packagist.org/provider-symfony~polyfill-php72.json from cache
Reading /root/.composer/cache/repo/https---repo.packagist.org/provider-symfony~translation-contracts.json from cache
Reading /root/.composer/cache/repo/https---repo.packagist.org/provider-symfony~polyfill-php81.json from cache
Reading /root/.composer/cache/repo/https---repo.packagist.org/provider-symfony~event-dispatcher-contracts.json from cache
Reading /root/.composer/cache/repo/https---repo.packagist.org/provider-paragonie~random_compat.json from cache
Reading /root/.composer/cache/repo/https---repo.packagist.org/provider-vimeo~psalm.json from cache
Reading /root/.composer/cache/repo/https---repo.packagist.org/provider-amphp~amp.json from cache
Reading /root/.composer/cache/repo/https---repo.packagist.org/provider-amphp~byte-stream.json from cache
Reading /root/.composer/cache/repo/https---repo.packagist.org/provider-nette~utils.json from cache
Reading /root/.composer/cache/repo/https---repo.packagist.org/provider-composer~package-versions-deprecated.json from cache
Reading /root/.composer/cache/repo/https---repo.packagist.org/provider-composer~semver.json from cache
Reading /root/.composer/cache/repo/https---repo.packagist.org/provider-composer~xdebug-handler.json from cache
Reading /root/.composer/cache/repo/https---repo.packagist.org/provider-dnoegel~php-xdg-base-dir.json from cache
Reading /root/.composer/cache/repo/https---repo.packagist.org/provider-felixfbecker~advanced-json-rpc.json from cache
Reading /root/.composer/cache/repo/https---repo.packagist.org/provider-felixfbecker~language-server-protocol.json from cache
Reading /root/.composer/cache/repo/https---repo.packagist.org/provider-netresearch~jsonmapper.json from cache
Reading /root/.composer/cache/repo/https---repo.packagist.org/provider-openlss~lib-array2xml.json from cache
Reading /root/.composer/cache/repo/https---repo.packagist.org/provider-webmozart~glob.json from cache
Reading /root/.composer/cache/repo/https---repo.packagist.org/provider-webmozart~path-util.json from cache
Reading /root/.composer/cache/repo/https---repo.packagist.org/provider-ocramius~package-versions.json from cache
Reading /root/.composer/cache/repo/https---repo.packagist.org/provider-symfony~contracts.json from cache
Reading /root/.composer/cache/repo/https---repo.packagist.org/provider-symfony~debug.json from cache
Reading /root/.composer/cache/repo/https---repo.packagist.org/provider-phpdocumentor~reflection-docblock.json from cache
Reading /root/.composer/cache/repo/https---repo.packagist.org/provider-psr~cache.json from cache
Reading /root/.composer/cache/repo/https---repo.packagist.org/provider-phpdocumentor~type-resolver.json from cache
Reading /root/.composer/cache/repo/https---repo.packagist.org/provider-phpdocumentor~reflection-common.json from cache
Reading /root/.composer/cache/repo/https---repo.packagist.org/provider-phpstan~phpdoc-parser.json from cache
Security advisory pool filter completed in 0.129 seconds
Found 4,012 package versions referenced in your dependency graph. 348 (9%) were filtered away.
Running pool optimizer.
Pool optimizer completed in 0.192 seconds
Found 3,664 package versions referenced in your dependency graph. 2,907 (79%) were optimized away.
Updating dependencies
Generating rules
Resolving dependencies through SAT
Looking at all rules.
Something's changed, looking at all rules again (pass #1)Something's changed, looking at all rules again (pass #2)Something's changed, looking at all rules again (pass #3)Something's changed, looking at all rules again (pass #4)Something's changed, looking at all rules again (pass #5)Something's changed, looking at all rules again (pass #6)Something's changed, looking at all rules again (pass #7)Something's changed, looking at all rules again (pass #8)Something's changed, looking at all rules again (pass #9)
Dependency resolution completed in 0.039 seconds
Your requirements could not be resolved to an installable set of packages.

  Problem 1
    - Root composer.json requires laravel/framework ^12.0 -> satisfiable by laravel/framework[v12.1.1, v12.2.0, v12.3.0, v12.4.0, v12.4.1, v12.5.0, v12.6.0, v12.7.0, v12.7.1, v12.7.2, v12.8.0, v12.8.1, v12.9.0, v12.9.1, v12.9.2, v12.10.0, v12.10.1, v12.10.2, v12.11.0, v12.11.1, v12.12.0, v12.13.0, v12.14.0, v12.14.1, v12.15.0, v12.16.0, v12.17.0, v12.18.0, v12.19.0, v12.19.1, v12.19.2, v12.19.3, v12.20.0, v12.21.0, v12.22.0, v12.22.1, v12.23.0, v12.23.1, v12.24.0, v12.25.0, v12.26.0, v12.26.1, v12.26.2, v12.26.3, v12.26.4, v12.27.0, v12.27.1, v12.28.0, v12.28.1, v12.29.0, v12.30.0, v12.30.1, v12.31.0, v12.31.1, v12.32.0, v12.32.1, v12.32.2, v12.32.3, v12.32.4, v12.32.5, v12.33.0, v12.34.0, v12.35.0, v12.35.1, v12.36.0, v12.36.1, v12.37.0, v12.38.0, v12.38.1, v12.39.0, v12.40.0, v12.40.1, v12.40.2, v12.41.0, v12.41.1, v12.42.0, v12.43.0, v12.43.1, v12.44.0, v12.45.0, v12.45.1, v12.45.2, v12.46.0, v12.47.0, v12.48.0, v12.48.1, v12.49.0, v12.50.0, v12.51.0, v12.52.0, v12.53.0, v12.54.0, v12.54.1, v12.55.0, v12.55.1, v12.56.0, v12.57.0, v12.58.0, v12.59.0].
    - Root composer.json requires nunomaduro/collision ^7.0 -> satisfiable by nunomaduro/collision[v7.0.0, v7.0.1, v7.0.2, v7.0.3, v7.0.4, v7.0.5, v7.1.0, v7.1.1, v7.1.2, v7.2.0, v7.3.0, v7.3.1, v7.3.2, v7.3.3, v7.4.0, v7.5.0, v7.5.1, v7.5.2, v7.6.0, v7.7.0, v7.8.0, v7.8.1, v7.9.0, v7.10.0, v7.11.0, v7.12.0].
    - laravel/framework[v12.1.1, v12.2.0, v12.3.0, v12.4.0, v12.4.1, v12.5.0, v12.6.0, v12.7.0, v12.7.1, v12.7.2, v12.8.0, v12.8.1, v12.9.0, v12.9.1, v12.9.2, v12.10.0, v12.10.1, v12.10.2, v12.11.0, v12.11.1, v12.12.0, v12.13.0, v12.14.0, v12.14.1, v12.15.0, v12.16.0, v12.17.0, v12.18.0, v12.19.0, v12.19.1, v12.19.2, v12.19.3, v12.20.0, v12.21.0, v12.22.0, v12.22.1, v12.23.0, v12.23.1, v12.24.0, v12.25.0, v12.26.0, v12.26.1, v12.26.2, v12.26.3, v12.26.4, v12.27.0, v12.27.1, v12.28.0, v12.28.1, v12.29.0, v12.30.0, v12.30.1, v12.31.0, v12.31.1, v12.32.0, v12.32.1, v12.32.2, v12.32.3, v12.32.4, v12.32.5, v12.33.0, v12.34.0, v12.35.0, v12.35.1, v12.36.0, v12.36.1, v12.37.0, v12.38.0, v12.38.1, v12.39.0, v12.40.0, v12.40.1, v12.40.2, v12.41.0, v12.41.1, v12.42.0, v12.43.0, v12.43.1, v12.44.0, v12.45.0, v12.45.1, v12.45.2, v12.46.0, v12.47.0, v12.48.0, v12.48.1, v12.49.0, v12.50.0, v12.51.0, v12.52.0, v12.53.0, v12.54.0, v12.54.1] require symfony/console ^7.2.0 -> satisfiable by symfony/console[v7.2.0, v7.2.1, v7.2.5, v7.2.6, v7.2.7, v7.2.8, v7.2.9, v7.3.0, v7.3.1, v7.3.2, v7.3.3, v7.3.4, v7.3.5, v7.3.6, v7.3.8, v7.3.9, v7.3.10, v7.4.0, v7.4.1, v7.4.3, v7.4.4, v7.4.6, v7.4.7, v7.4.8, v7.4.9, v7.4.11].
    - Conclusion: don't install symfony/console[v7.4.11] | install one of nunomaduro/collision[v7.9.0, v7.10.0, v7.11.0] (conflict analysis result)
    - Conclusion: don't install symfony/console[v7.3.10] | install one of nunomaduro/collision[v7.9.0, v7.10.0] (conflict analysis result)
    - Conclusion: don't install symfony/console v7.2.9 (conflict analysis result)
    - Conclusion: don't install laravel/framework v12.55.0 (conflict analysis result)
    - Conclusion: don't install laravel/framework v12.55.1 (conflict analysis result)
    - Conclusion: don't install laravel/framework v12.56.0 (conflict analysis result)
    - Conclusion: don't install laravel/framework v12.57.0 (conflict analysis result)
    - Conclusion: don't install laravel/framework v12.58.0 (conflict analysis result)
    - Conclusion: don't install laravel/framework v12.59.0 (conflict analysis result)
    - Conclusion: don't install nunomaduro/collision v7.9.0 (conflict analysis result)
    - Conclusion: don't install nunomaduro/collision v7.10.0 (conflict analysis result)
    - Conclusion: don't install nunomaduro/collision v7.11.0 (conflict analysis result)

